<?xml version="1.0" encoding="UTF-8"?>
<!-- Generated by org.testng.reporters.JUnitXMLReporter -->
<testsuite ignored="4" hostname="HAREESHMA-SARATH-IRISH" failures="0" tests="3" name="Default test" time="39.129" errors="0" timestamp="2024-07-27T11:25:16 IST">
  <testcase classname="testClasses.LoginTestClass" name="verifyUnsuccessfulLogin" time="1.578"/>
  <testcase classname="testClasses.LoginTestClass" name="verifyUnsuccessfulLogin" time="1.981"/>
  <testcase classname="testClasses.LoginTestClass" name="verifyUnsuccessfulLogin" time="2.142"/>
  <testcase classname="testClasses.LoginTestClass" name="veryfyLogoIsDisplayedOrNotInLoginPage" time="0.0">
    <ignored/>
  </testcase> <!-- veryfyLogoIsDisplayedOrNotInLoginPage -->
  <testcase classname="testClasses.LoginTestClass" name="verifySuccessfullLogin" time="0.0">
    <ignored/>
  </testcase> <!-- verifySuccessfullLogin -->
  <testcase classname="testClasses.LoginTestClass" name="verifyAllLocationSessionsAreDisplayedOrNotInLoginPage" time="0.0">
    <ignored/>
  </testcase> <!-- verifyAllLocationSessionsAreDisplayedOrNotInLoginPage -->
  <testcase classname="testClasses.LoginTestClass" name="verifyTheExpectedPageisOpensWhileHittingTheUrl" time="0.0">
    <ignored/>
  </testcase> <!-- verifyTheExpectedPageisOpensWhileHittingTheUrl -->
</testsuite> <!-- Default test -->
