<?xml version="1.0" encoding="UTF-8"?>
<!-- Generated by org.testng.reporters.JUnitXMLReporter -->
<testsuite ignored="4" hostname="HAREESHMA-SARATH-IRISH" failures="0" tests="7" name="Test" time="114.96" errors="0" timestamp="2024-07-31T11:08:57 IST">
  <testcase classname="testClasses.HomePageTestClass" name="verifyAllTilesAreDisplayedInHomePage" time="3.005"/>
  <testcase classname="testClasses.HomePageTestClass" name="verifyRegisterAPatientTileIsClickable" time="0.099">
    <skipped/>
  </testcase> <!-- verifyRegisterAPatientTileIsClickable -->
  <testcase classname="testClasses.HomePageTestClass" name="verifyRegisterAPatientTileIsClickable" time="13.467"/>
  <testcase classname="testClasses.LoginTestClass" name="verifySuccessfullLogin" time="8.956"/>
  <testcase classname="testClasses.LoginTestClass" name="verifyUnsuccessfulLogin" time="2.133"/>
  <testcase classname="testClasses.LoginTestClass" name="verifyUnsuccessfulLogin" time="1.514"/>
  <testcase classname="testClasses.LoginTestClass" name="verifyUnsuccessfulLogin" time="2.999"/>
  <testcase classname="testClasses.LoginTestClass" name="verifyTheExpectedPageisOpensWhileHittingTheUrl" time="0.0">
    <ignored/>
  </testcase> <!-- verifyTheExpectedPageisOpensWhileHittingTheUrl -->
  <testcase classname="testClasses.BaseClass" name="@BeforeSuite createReport" time="0.0">
    <ignored/>
  </testcase> <!-- @BeforeSuite createReport -->
  <testcase classname="testClasses.LoginTestClass" name="veryfyLogoIsDisplayedOrNotInLoginPage" time="0.0">
    <ignored/>
  </testcase> <!-- veryfyLogoIsDisplayedOrNotInLoginPage -->
  <testcase classname="testClasses.LoginTestClass" name="verifyAllLocationSessionsAreDisplayedOrNotInLoginPage" time="0.0">
    <ignored/>
  </testcase> <!-- verifyAllLocationSessionsAreDisplayedOrNotInLoginPage -->
</testsuite> <!-- Test -->
