<?xml version="1.0" encoding="UTF-8"?>
<testng-results ignored="0" total="1" passed="1" failed="0" skipped="0">
  <reporter-output>
  </reporter-output>
  <suite started-at="2024-08-07T20:36:39 IST" name="Suite" finished-at="2024-08-07T20:36:48 IST" duration-ms="8758">
    <groups>
      <group name="groupOne">
        <method signature="LoginTestClass.verifySuccessfullLogin()[pri:2, instance:testClasses.LoginTestClass@368f2016]" name="verifySuccessfullLogin" class="testClasses.LoginTestClass"/>
      </group> <!-- groupOne -->
    </groups>
    <test started-at="2024-08-07T20:36:39 IST" name="Test" finished-at="2024-08-07T20:36:48 IST" duration-ms="8758">
      <class name="testClasses.LoginTestClass">
        <test-method is-config="true" signature="createReport(org.testng.ITestContext)[pri:0, instance:testClasses.LoginTestClass@368f2016]" started-at="2024-08-07T20:36:39 IST" name="createReport" finished-at="2024-08-07T20:36:39 IST" duration-ms="203" status="PASS">
          <params>
            <param index="0">
              <value>
                <![CDATA[org.testng.TestRunner@7efe7b87]]>
              </value>
            </param>
          </params>
          <reporter-output>
          </reporter-output>
        </test-method> <!-- createReport -->
        <test-method is-config="true" signature="beforeMethod(java.lang.String)[pri:0, instance:testClasses.LoginTestClass@368f2016]" started-at="2024-08-07T20:36:39 IST" name="beforeMethod" finished-at="2024-08-07T20:36:44 IST" duration-ms="5552" status="PASS">
          <params>
            <param index="0">
              <value>
                <![CDATA[chrome]]>
              </value>
            </param>
          </params>
          <reporter-output>
          </reporter-output>
        </test-method> <!-- beforeMethod -->
        <test-method signature="verifySuccessfullLogin()[pri:2, instance:testClasses.LoginTestClass@368f2016]" started-at="2024-08-07T20:36:44 IST" name="verifySuccessfullLogin" finished-at="2024-08-07T20:36:47 IST" duration-ms="2991" status="PASS">
          <reporter-output>
          </reporter-output>
        </test-method> <!-- verifySuccessfullLogin -->
        <test-method is-config="true" signature="afterMethod(org.testng.ITestResult)[pri:0, instance:testClasses.LoginTestClass@368f2016]" started-at="2024-08-07T20:36:47 IST" name="afterMethod" finished-at="2024-08-07T20:36:48 IST" duration-ms="190" status="PASS">
          <params>
            <param index="0">
              <value>
                <![CDATA[[TestResult name=verifySuccessfullLogin status=SUCCESS method=LoginTestClass.verifySuccessfullLogin()[pri:2, instance:testClasses.LoginTestClass@368f2016] output={null}]]]>
              </value>
            </param>
          </params>
          <reporter-output>
          </reporter-output>
        </test-method> <!-- afterMethod -->
      </class> <!-- testClasses.LoginTestClass -->
    </test> <!-- Test -->
  </suite> <!-- Suite -->
</testng-results>
