<?xml version="1.0" encoding="UTF-8"?>
<testng-results ignored="0" total="1" passed="1" failed="0" skipped="0">
  <reporter-output>
  </reporter-output>
  <suite started-at="2024-08-03T11:19:57 IST" name="Suite" finished-at="2024-08-03T11:20:36 IST" duration-ms="39379">
    <groups>
    </groups>
    <test started-at="2024-08-03T11:19:57 IST" name="Test" finished-at="2024-08-03T11:20:36 IST" duration-ms="39379">
      <class name="testClasses.RegisterPatientTestClass">
        <test-method is-config="true" signature="createReport(org.testng.ITestContext)[pri:0, instance:testClasses.RegisterPatientTestClass@3c41ed1d]" started-at="2024-08-03T11:19:56 IST" name="createReport" finished-at="2024-08-03T11:19:57 IST" duration-ms="655" status="PASS">
          <params>
            <param index="0">
              <value>
                <![CDATA[org.testng.TestRunner@13cf5f8a]]>
              </value>
            </param>
          </params>
          <reporter-output>
          </reporter-output>
        </test-method> <!-- createReport -->
        <test-method is-config="true" signature="beforeMethod(java.lang.String)[pri:0, instance:testClasses.RegisterPatientTestClass@3c41ed1d]" started-at="2024-08-03T11:19:57 IST" name="beforeMethod" finished-at="2024-08-03T11:20:08 IST" duration-ms="10920" status="PASS">
          <params>
            <param index="0">
              <value>
                <![CDATA[chrome]]>
              </value>
            </param>
          </params>
          <reporter-output>
          </reporter-output>
        </test-method> <!-- beforeMethod -->
        <test-method signature="verifyToRegisterPatient()[pri:1, instance:testClasses.RegisterPatientTestClass@3c41ed1d]" started-at="2024-08-03T11:20:08 IST" name="verifyToRegisterPatient" finished-at="2024-08-03T11:20:35 IST" duration-ms="27451" status="PASS">
          <reporter-output>
          </reporter-output>
        </test-method> <!-- verifyToRegisterPatient -->
        <test-method is-config="true" signature="afterMethod(org.testng.ITestResult)[pri:0, instance:testClasses.RegisterPatientTestClass@3c41ed1d]" started-at="2024-08-03T11:20:35 IST" name="afterMethod" finished-at="2024-08-03T11:20:36 IST" duration-ms="908" status="PASS">
          <params>
            <param index="0">
              <value>
                <![CDATA[[TestResult name=verifyToRegisterPatient status=SUCCESS method=RegisterPatientTestClass.verifyToRegisterPatient()[pri:1, instance:testClasses.RegisterPatientTestClass@3c41ed1d] output={null}]]]>
              </value>
            </param>
          </params>
          <reporter-output>
          </reporter-output>
        </test-method> <!-- afterMethod -->
      </class> <!-- testClasses.RegisterPatientTestClass -->
    </test> <!-- Test -->
  </suite> <!-- Suite -->
</testng-results>
