<?xml version="1.0" encoding="UTF-8"?>
<!-- Generated by org.testng.reporters.JUnitXMLReporter -->
<testsuite ignored="0" hostname="HAREESHMA-SARATH-IRISH" failures="0" tests="2" name="TestTwo" time="39.323" errors="0" timestamp="2024-08-01T21:23:06 IST">
  <testcase classname="testClasses.HomePageTestClass" name="verifyAllTilesAreDisplayedInHomePage" time="4.725"/>
  <testcase classname="testClasses.HomePageTestClass" name="verifyRegisterAPatientTileIsClickable" time="13.014"/>
</testsuite> <!-- TestTwo -->
