<?xml version="1.0" encoding="UTF-8"?>
<!-- Generated by org.testng.reporters.JUnitXMLReporter -->
<testsuite ignored="0" hostname="HAREESHMA-SARATH-IRISH" failures="0" tests="7" name="TestOne" time="53.502" errors="0" timestamp="2024-07-30T10:00:39 IST">
  <testcase classname="testClasses.LoginTestClass" name="verifyTheExpectedPageisOpensWhileHittingTheUrl" time="0.18"/>
  <testcase classname="testClasses.LoginTestClass" name="verifySuccessfullLogin" time="4.549"/>
  <testcase classname="testClasses.LoginTestClass" name="verifyUnsuccessfulLogin" time="1.555"/>
  <testcase classname="testClasses.LoginTestClass" name="verifyUnsuccessfulLogin" time="1.601"/>
  <testcase classname="testClasses.LoginTestClass" name="verifyUnsuccessfulLogin" time="1.515"/>
  <testcase classname="testClasses.LoginTestClass" name="veryfyLogoIsDisplayedOrNotInLoginPage" time="0.067"/>
  <testcase classname="testClasses.LoginTestClass" name="verifyAllLocationSessionsAreDisplayedOrNotInLoginPage" time="0.079"/>
</testsuite> <!-- TestOne -->
