<?xml version="1.0" encoding="UTF-8"?>
<!-- Generated by org.testng.reporters.JUnitXMLReporter -->
<testsuite ignored="0" hostname="HAREESHMA-SARATH-IRISH" failures="0" tests="2" name="TestTwo" time="24.329" errors="0" timestamp="2024-07-30T10:00:10 IST">
  <testcase classname="testClasses.HomePageTestClass" name="verifyAllTilesAreDisplayedInHomePage" time="2.96"/>
  <testcase classname="testClasses.HomePageTestClass" name="verifyRegisterAPatientTileIsClickable" time="4.199"/>
</testsuite> <!-- TestTwo -->
