<?xml version="1.0" encoding="UTF-8"?>
<!-- Generated by org.testng.reporters.JUnitXMLReporter -->
<testsuite ignored="0" hostname="HAREESHMA-SARATH-IRISH" failures="0" tests="7" name="TestOne" time="85.723" errors="0" timestamp="2024-08-01T21:23:52 IST">
  <testcase classname="testClasses.LoginTestClass" name="verifyTheExpectedPageisOpensWhileHittingTheUrl" time="0.219"/>
  <testcase classname="testClasses.LoginTestClass" name="verifySuccessfullLogin" time="5.296"/>
  <testcase classname="testClasses.LoginTestClass" name="verifyUnsuccessfulLogin" time="2.115"/>
  <testcase classname="testClasses.LoginTestClass" name="verifyUnsuccessfulLogin" time="1.896"/>
  <testcase classname="testClasses.LoginTestClass" name="verifyUnsuccessfulLogin" time="1.958"/>
  <testcase classname="testClasses.LoginTestClass" name="veryfyLogoIsDisplayedOrNotInLoginPage" time="0.071"/>
  <testcase classname="testClasses.LoginTestClass" name="verifyAllLocationSessionsAreDisplayedOrNotInLoginPage" time="0.091"/>
</testsuite> <!-- TestOne -->
